<?xml version="1.0" encoding="UTF-8"?>
<testng-results ignored="0" total="1" passed="1" failed="0" skipped="0">
  <reporter-output>
  </reporter-output>
  <suite started-at="2025-03-18T16:55:30 IST" name="Suite" finished-at="2025-03-18T16:55:58 IST" duration-ms="27395">
    <groups>
    </groups>
    <test started-at="2025-03-18T16:55:30 IST" name="Test" finished-at="2025-03-18T16:55:58 IST" duration-ms="27395">
      <class name="logExample.HRMLogin">
        <test-method is-config="true" signature="launchApp()[pri:0, instance:logExample.HRMLogin@61001b64]" started-at="2025-03-18T16:55:30 IST" name="launchApp" finished-at="2025-03-18T16:55:36 IST" duration-ms="6046" status="PASS">
          <reporter-output>
          </reporter-output>
        </test-method> <!-- launchApp -->
        <test-method signature="verifyLoginLogout()[pri:0, instance:logExample.HRMLogin@61001b64]" started-at="2025-03-18T16:55:36 IST" name="verifyLoginLogout" finished-at="2025-03-18T16:55:50 IST" duration-ms="13764" status="PASS">
          <reporter-output>
          </reporter-output>
        </test-method> <!-- verifyLoginLogout -->
        <test-method is-config="true" signature="closeApp()[pri:0, instance:logExample.HRMLogin@61001b64]" started-at="2025-03-18T16:55:50 IST" name="closeApp" finished-at="2025-03-18T16:55:58 IST" duration-ms="7531" status="PASS">
          <reporter-output>
          </reporter-output>
        </test-method> <!-- closeApp -->
      </class> <!-- logExample.HRMLogin -->
    </test> <!-- Test -->
  </suite> <!-- Suite -->
</testng-results>
